# JRE version: Java(TM) SE Runtime Environment (8.0_211-b12) (build 1.8.0_211-b12)
# Java VM: Java HotSpot(TM) 64-Bit Server VM (25.211-b12 mixed mode windows-amd64 compressed oops)
Heap:
 PSYoungGen      total 291840K, used 184031K [0x00000000d6200000, 0x00000000e9580000, 0x0000000100000000)
  eden space 276992K, 61% used [0x00000000d6200000,0x00000000e07ea0e8,0x00000000e7080000)
  from space 14848K, 95% used [0x00000000e8700000,0x00000000e94cdc40,0x00000000e9580000)
  to   space 18944K, 0% used [0x00000000e7080000,0x00000000e7080000,0x00000000e8300000)
 ParOldGen       total 121344K, used 29888K [0x0000000082600000, 0x0000000089c80000, 0x00000000d6200000)
  object space 121344K, 24% used [0x0000000082600000,0x0000000084330108,0x0000000089c80000)
 Metaspace       used 66757K, capacity 69970K, committed 70144K, reserved 1110016K
  class space    used 9138K, capacity 9687K, committed 9728K, reserved 1048576K
GC Heap History (10 events):
Event: 6.413 GC heap before
{Heap before GC invocations=11 (full 2):
 PSYoungGen      total 182784K, used 9748K [0x00000000d6200000, 0x00000000e6280000, 0x0000000100000000)
  eden space 168960K, 0% used [0x00000000d6200000,0x00000000d6200000,0x00000000e0700000)
  from space 13824K, 70% used [0x00000000e0700000,0x00000000e1085008,0x00000000e1480000)
  to   space 13824K, 0% used [0x00000000e5500000,0x00000000e5500000,0x00000000e6280000)
 ParOldGen       total 56320K, used 11776K [0x0000000082600000, 0x0000000085d00000, 0x00000000d6200000)
  object space 56320K, 20% used [0x0000000082600000,0x00000000831803d8,0x0000000085d00000)
 Metaspace       used 33716K, capacity 35394K, committed 35496K, reserved 1079296K
  class space    used 4466K, capacity 4801K, committed 4864K, reserved 1048576K
Event: 6.503 GC heap after
Heap after GC invocations=11 (full 2):
 PSYoungGen      total 182784K, used 0K [0x00000000d6200000, 0x00000000e6280000, 0x0000000100000000)
  eden space 168960K, 0% used [0x00000000d6200000,0x00000000d6200000,0x00000000e0700000)
  from space 13824K, 0% used [0x00000000e0700000,0x00000000e0700000,0x00000000e1480000)
  to   space 13824K, 0% used [0x00000000e5500000,0x00000000e5500000,0x00000000e6280000)
 ParOldGen       total 83456K, used 16597K [0x0000000082600000, 0x0000000087780000, 0x00000000d6200000)
  object space 83456K, 19% used [0x0000000082600000,0x00000000836356e8,0x0000000087780000)
 Metaspace       used 33716K, capacity 35394K, committed 35496K, reserved 1079296K
  class space    used 4466K, capacity 4801K, committed 4864K, reserved 1048576K
}
Event: 12.279 GC heap before
{Heap before GC invocations=12 (full 2):
 PSYoungGen      total 182784K, used 168960K [0x00000000d6200000, 0x00000000e6280000, 0x0000000100000000)
  eden space 168960K, 100% used [0x00000000d6200000,0x00000000e0700000,0x00000000e0700000)
  from space 13824K, 0% used [0x00000000e0700000,0x00000000e0700000,0x00000000e1480000)
  to   space 13824K, 0% used [0x00000000e5500000,0x00000000e5500000,0x00000000e6280000)
 ParOldGen       total 83456K, used 16597K [0x0000000082600000, 0x0000000087780000, 0x00000000d6200000)
  object space 83456K, 19% used [0x0000000082600000,0x00000000836356e8,0x0000000087780000)
 Metaspace       used 46965K, capacity 49030K, committed 49280K, reserved 1091584K
  class space    used 6599K, capacity 6989K, committed 7040K, reserved 1048576K
Event: 12.299 GC heap after
Heap after GC invocations=12 (full 2):
 PSYoungGen      total 233472K, used 13799K [0x00000000d6200000, 0x00000000e6280000, 0x0000000100000000)
  eden space 219648K, 0% used [0x00000000d6200000,0x00000000d6200000,0x00000000e3880000)
  from space 13824K, 99% used [0x00000000e5500000,0x00000000e6279dc8,0x00000000e6280000)
  to   space 16896K, 0% used [0x00000000e4180000,0x00000000e4180000,0x00000000e5200000)
 ParOldGen       total 83456K, used 19534K [0x0000000082600000, 0x0000000087780000, 0x00000000d6200000)
  object space 83456K, 23% used [0x0000000082600000,0x0000000083913998,0x0000000087780000)
 Metaspace       used 46965K, capacity 49030K, committed 49280K, reserved 1091584K
  class space    used 6599K, capacity 6989K, committed 7040K, reserved 1048576K
}
Event: 15.882 GC heap before
{Heap before GC invocations=13 (full 2):
 PSYoungGen      total 233472K, used 170581K [0x00000000d6200000, 0x00000000e6280000, 0x0000000100000000)
  eden space 219648K, 71% used [0x00000000d6200000,0x00000000dfb1b888,0x00000000e3880000)
  from space 13824K, 99% used [0x00000000e5500000,0x00000000e6279dc8,0x00000000e6280000)
  to   space 16896K, 0% used [0x00000000e4180000,0x00000000e4180000,0x00000000e5200000)
 ParOldGen       total 83456K, used 19534K [0x0000000082600000, 0x0000000087780000, 0x00000000d6200000)
  object space 83456K, 23% used [0x0000000082600000,0x0000000083913998,0x0000000087780000)
 Metaspace       used 56153K, capacity 59012K, committed 59136K, reserved 1099776K
  class space    used 7897K, capacity 8396K, committed 8448K, reserved 1048576K
Event: 15.924 GC heap after
Heap after GC invocations=13 (full 2):
 PSYoungGen      total 245760K, used 13059K [0x00000000d6200000, 0x00000000e9880000, 0x0000000100000000)
  eden space 228864K, 0% used [0x00000000d6200000,0x00000000d6200000,0x00000000e4180000)
  from space 16896K, 77% used [0x00000000e4180000,0x00000000e4e40f18,0x00000000e5200000)
  to   space 17920K, 0% used [0x00000000e8700000,0x00000000e8700000,0x00000000e9880000)
 ParOldGen       total 83456K, used 24403K [0x0000000082600000, 0x0000000087780000, 0x00000000d6200000)
  object space 83456K, 29% used [0x0000000082600000,0x0000000083dd4f28,0x0000000087780000)
 Metaspace       used 56153K, capacity 59012K, committed 59136K, reserved 1099776K
  class space    used 7897K, capacity 8396K, committed 8448K, reserved 1048576K
}
Event: 15.924 GC heap before
{Heap before GC invocations=14 (full 3):
 PSYoungGen      total 245760K, used 13059K [0x00000000d6200000, 0x00000000e9880000, 0x0000000100000000)
  eden space 228864K, 0% used [0x00000000d6200000,0x00000000d6200000,0x00000000e4180000)
  from space 16896K, 77% used [0x00000000e4180000,0x00000000e4e40f18,0x00000000e5200000)
  to   space 17920K, 0% used [0x00000000e8700000,0x00000000e8700000,0x00000000e9880000)
 ParOldGen       total 83456K, used 24403K [0x0000000082600000, 0x0000000087780000, 0x00000000d6200000)
  object space 83456K, 29% used [0x0000000082600000,0x0000000083dd4f28,0x0000000087780000)
 Metaspace       used 56153K, capacity 59012K, committed 59136K, reserved 1099776K
  class space    used 7897K, capacity 8396K, committed 8448K, reserved 1048576K
Event: 16.274 GC heap after
Heap after GC invocations=14 (full 3):
 PSYoungGen      total 245760K, used 0K [0x00000000d6200000, 0x00000000e9880000, 0x0000000100000000)
  eden space 228864K, 0% used [0x00000000d6200000,0x00000000d6200000,0x00000000e4180000)
  from space 16896K, 0% used [0x00000000e4180000,0x00000000e4180000,0x00000000e5200000)
  to   space 17920K, 0% used [0x00000000e8700000,0x00000000e8700000,0x00000000e9880000)
 ParOldGen       total 121344K, used 29872K [0x0000000082600000, 0x0000000089c80000, 0x00000000d6200000)
  object space 121344K, 24% used [0x0000000082600000,0x000000008432c0f0,0x0000000089c80000)
 Metaspace       used 56127K, capacity 58970K, committed 59136K, reserved 1099776K
  class space    used 7893K, capacity 8389K, committed 8448K, reserved 1048576K
}
Event: 58.404 GC heap before
{Heap before GC invocations=15 (full 3):
 PSYoungGen      total 245760K, used 228864K [0x00000000d6200000, 0x00000000e9880000, 0x0000000100000000)
  eden space 228864K, 100% used [0x00000000d6200000,0x00000000e4180000,0x00000000e4180000)
  from space 16896K, 0% used [0x00000000e4180000,0x00000000e4180000,0x00000000e5200000)
  to   space 17920K, 0% used [0x00000000e8700000,0x00000000e8700000,0x00000000e9880000)
 ParOldGen       total 121344K, used 29872K [0x0000000082600000, 0x0000000089c80000, 0x00000000d6200000)
  object space 121344K, 24% used [0x0000000082600000,0x000000008432c0f0,0x0000000089c80000)
 Metaspace       used 66222K, capacity 69384K, committed 69632K, reserved 1110016K
  class space    used 9083K, capacity 9648K, committed 9728K, reserved 1048576K
Event: 58.434 GC heap after
Heap after GC invocations=15 (full 3):
 PSYoungGen      total 291840K, used 14135K [0x00000000d6200000, 0x00000000e9580000, 0x0000000100000000)
  eden space 276992K, 0% used [0x00000000d6200000,0x00000000d6200000,0x00000000e7080000)
  from space 14848K, 95% used [0x00000000e8700000,0x00000000e94cdc40,0x00000000e9580000)
  to   space 18944K, 0% used [0x00000000e7080000,0x00000000e7080000,0x00000000e8300000)
 ParOldGen       total 121344K, used 29888K [0x0000000082600000, 0x0000000089c80000, 0x00000000d6200000)
  object space 121344K, 24% used [0x0000000082600000,0x0000000084330108,0x0000000089c80000)
 Metaspace       used 66222K, capacity 69384K, committed 69632K, reserved 1110016K
  class space    used 9083K, capacity 9648K, committed 9728K, reserved 1048576K
}

